::1 - - [04/Dec/2019:09:30:29 +0000] "GET / HTTP/1.1" 404 139 "-" "Mozilla/5.0 (Windows NT 10.0; Win64; x64) AppleWebKit/537.36 (KHTML, like Gecko) Chrome/78.0.3904.108 Safari/537.36"
::1 - - [04/Dec/2019:10:24:14 +0000] "GET /Authentication/Session/User HTTP/1.1" 204 - "http://localhost:3000/" "Mozilla/5.0 (Windows NT 10.0; Win64; x64) AppleWebKit/537.36 (KHTML, like Gecko) Chrome/78.0.3904.108 Safari/537.36"
::1 - - [04/Dec/2019:17:00:44 +0000] "GET /Authentication/Session/User HTTP/1.1" 204 - "http://localhost:3000/" "Mozilla/5.0 (Windows NT 10.0; Win64; x64) AppleWebKit/537.36 (KHTML, like Gecko) Chrome/78.0.3904.108 Safari/537.36"
::1 - - [04/Dec/2019:17:01:08 +0000] "GET /Authentication/Session/User HTTP/1.1" 204 - "http://localhost:3000/SignIn" "Mozilla/5.0 (Windows NT 10.0; Win64; x64) AppleWebKit/537.36 (KHTML, like Gecko) Chrome/78.0.3904.108 Safari/537.36"
::1 - - [04/Dec/2019:17:01:11 +0000] "GET /Authentication/Session/User HTTP/1.1" 204 - "http://localhost:3000/SignIn" "Mozilla/5.0 (Windows NT 10.0; Win64; x64) AppleWebKit/537.36 (KHTML, like Gecko) Chrome/78.0.3904.108 Safari/537.36"
::1 - - [04/Dec/2019:17:02:24 +0000] "POST /Authentication/SignIn HTTP/1.1" 200 - "http://localhost:3000/SignIn" "Mozilla/5.0 (Windows NT 10.0; Win64; x64) AppleWebKit/537.36 (KHTML, like Gecko) Chrome/78.0.3904.108 Safari/537.36"
::1 - - [04/Dec/2019:17:02:24 +0000] "POST /Authentication/SignIn HTTP/1.1" 200 - "http://localhost:3000/SignIn" "Mozilla/5.0 (Windows NT 10.0; Win64; x64) AppleWebKit/537.36 (KHTML, like Gecko) Chrome/78.0.3904.108 Safari/537.36"
::1 - - [04/Dec/2019:17:02:24 +0000] "POST /Authentication/SignIn HTTP/1.1" 200 - "http://localhost:3000/SignIn" "Mozilla/5.0 (Windows NT 10.0; Win64; x64) AppleWebKit/537.36 (KHTML, like Gecko) Chrome/78.0.3904.108 Safari/537.36"
::1 - - [04/Dec/2019:17:02:35 +0000] "GET /Authentication/SignOut HTTP/1.1" 200 - "http://localhost:3000/" "Mozilla/5.0 (Windows NT 10.0; Win64; x64) AppleWebKit/537.36 (KHTML, like Gecko) Chrome/78.0.3904.108 Safari/537.36"
::ffff:127.0.0.1 - - [04/Dec/2019:17:02:39 +0000] "POST /Authentication/SignIn HTTP/1.1" 200 - "http://localhost:3000/SignIn" "Mozilla/5.0 (Windows NT 10.0; Win64; x64) AppleWebKit/537.36 (KHTML, like Gecko) Chrome/78.0.3904.108 Safari/537.36"
::1 - - [04/Dec/2019:17:02:48 +0000] "POST /Authentication/SignIn HTTP/1.1" 200 - "http://localhost:3000/SignIn" "Mozilla/5.0 (Windows NT 10.0; Win64; x64) AppleWebKit/537.36 (KHTML, like Gecko) Chrome/78.0.3904.108 Safari/537.36"
::1 - - [04/Dec/2019:17:03:23 +0000] "GET /Authentication/SignOut HTTP/1.1" 200 - "http://localhost:3000/" "Mozilla/5.0 (Windows NT 10.0; Win64; x64) AppleWebKit/537.36 (KHTML, like Gecko) Chrome/78.0.3904.108 Safari/537.36"
::1 - - [05/Dec/2019:10:37:12 +0000] "GET /Authentication/Session/User HTTP/1.1" 204 - "http://localhost:3000/" "Mozilla/5.0 (Windows NT 10.0; Win64; x64) AppleWebKit/537.36 (KHTML, like Gecko) Chrome/78.0.3904.108 Safari/537.36"
::1 - - [05/Dec/2019:10:38:19 +0000] "GET /Authentication/Session/User HTTP/1.1" 204 - "http://localhost:3000/" "Mozilla/5.0 (Windows NT 10.0; Win64; x64) AppleWebKit/537.36 (KHTML, like Gecko) Chrome/78.0.3904.108 Safari/537.36"
::1 - - [05/Dec/2019:11:18:30 +0000] "GET /Authentication/Session/User HTTP/1.1" 204 - "http://localhost:3000/" "Mozilla/5.0 (Windows NT 10.0; Win64; x64) AppleWebKit/537.36 (KHTML, like Gecko) Chrome/78.0.3904.108 Safari/537.36"
::1 - - [05/Dec/2019:11:30:53 +0000] "GET /Authentication/Session/User HTTP/1.1" 204 - "http://localhost:3000/" "Mozilla/5.0 (Windows NT 10.0; Win64; x64) AppleWebKit/537.36 (KHTML, like Gecko) Chrome/78.0.3904.108 Safari/537.36"
::1 - - [05/Dec/2019:11:31:12 +0000] "GET /SignOut HTTP/1.1" 404 146 "-" "Mozilla/5.0 (Windows NT 10.0; Win64; x64) AppleWebKit/537.36 (KHTML, like Gecko) Chrome/78.0.3904.108 Safari/537.36"
::1 - - [05/Dec/2019:11:31:31 +0000] "GET /Authentication/SignOut HTTP/1.1" 200 - "-" "Mozilla/5.0 (Windows NT 10.0; Win64; x64) AppleWebKit/537.36 (KHTML, like Gecko) Chrome/78.0.3904.108 Safari/537.36"
::1 - - [05/Dec/2019:11:31:31 +0000] "GET /favicon.ico HTTP/1.1" 404 150 "http://localhost:3001/Authentication/SignOut" "Mozilla/5.0 (Windows NT 10.0; Win64; x64) AppleWebKit/537.36 (KHTML, like Gecko) Chrome/78.0.3904.108 Safari/537.36"
::1 - - [05/Dec/2019:11:31:42 +0000] "GET /Authentication/SignOut HTTP/1.1" 200 - "-" "Mozilla/5.0 (Windows NT 10.0; Win64; x64) AppleWebKit/537.36 (KHTML, like Gecko) Chrome/78.0.3904.108 Safari/537.36"
::1 - - [05/Dec/2019:11:32:11 +0000] "GET /Authentication/Session/User HTTP/1.1" 204 - "http://localhost:3000/" "Mozilla/5.0 (Windows NT 10.0; Win64; x64) AppleWebKit/537.36 (KHTML, like Gecko) Chrome/78.0.3904.108 Safari/537.36"
::1 - - [05/Dec/2019:11:35:13 +0000] "GET /Authentication/Session/User HTTP/1.1" 204 - "http://localhost:3000/" "Mozilla/5.0 (Windows NT 10.0; Win64; x64) AppleWebKit/537.36 (KHTML, like Gecko) Chrome/78.0.3904.108 Safari/537.36"
::1 - - [05/Dec/2019:11:39:33 +0000] "POST /Authentication/SignIn HTTP/1.1" 404 - "http://localhost:3000/SignIn" "Mozilla/5.0 (Windows NT 10.0; Win64; x64) AppleWebKit/537.36 (KHTML, like Gecko) Chrome/78.0.3904.108 Safari/537.36"
::1 - - [05/Dec/2019:11:39:33 +0000] "POST /Authentication/SignIn HTTP/1.1" 404 - "http://localhost:3000/SignIn" "Mozilla/5.0 (Windows NT 10.0; Win64; x64) AppleWebKit/537.36 (KHTML, like Gecko) Chrome/78.0.3904.108 Safari/537.36"
::1 - - [05/Dec/2019:11:39:42 +0000] "GET /Authentication/Session/User HTTP/1.1" 204 - "http://localhost:3000/SignIn" "Mozilla/5.0 (Windows NT 10.0; Win64; x64) AppleWebKit/537.36 (KHTML, like Gecko) Chrome/78.0.3904.108 Safari/537.36"
::1 - - [05/Dec/2019:11:40:06 +0000] "POST /Authentication/SignIn HTTP/1.1" 404 - "http://localhost:3000/SignIn" "Mozilla/5.0 (Windows NT 10.0; Win64; x64) AppleWebKit/537.36 (KHTML, like Gecko) Chrome/78.0.3904.108 Safari/537.36"
::1 - - [05/Dec/2019:11:40:35 +0000] "POST /Authentication/SignIn HTTP/1.1" 404 - "http://localhost:3000/SignIn" "Mozilla/5.0 (Windows NT 10.0; Win64; x64) AppleWebKit/537.36 (KHTML, like Gecko) Chrome/78.0.3904.108 Safari/537.36"
::1 - - [05/Dec/2019:11:42:36 +0000] "GET /Authentication/Session/User HTTP/1.1" 204 - "http://localhost:3000/SignIn" "Mozilla/5.0 (Windows NT 10.0; Win64; x64) AppleWebKit/537.36 (KHTML, like Gecko) Chrome/78.0.3904.108 Safari/537.36"
::1 - - [05/Dec/2019:11:44:58 +0000] "GET /Authentication/Session/User HTTP/1.1" 204 - "http://localhost:3000/" "Mozilla/5.0 (Windows NT 10.0; Win64; x64) AppleWebKit/537.36 (KHTML, like Gecko) Chrome/78.0.3904.108 Safari/537.36"
::1 - - [05/Dec/2019:11:46:01 +0000] "POST /Authentication/SignIn HTTP/1.1" 404 - "http://localhost:3000/SignIn" "Mozilla/5.0 (Windows NT 10.0; Win64; x64) AppleWebKit/537.36 (KHTML, like Gecko) Chrome/78.0.3904.108 Safari/537.36"
::1 - - [05/Dec/2019:11:47:36 +0000] "POST /Authentication/SignIn HTTP/1.1" 404 - "http://localhost:3000/SignIn" "Mozilla/5.0 (Windows NT 10.0; Win64; x64) AppleWebKit/537.36 (KHTML, like Gecko) Chrome/78.0.3904.108 Safari/537.36"
::1 - - [05/Dec/2019:11:48:14 +0000] "POST /Authentication/SignIn HTTP/1.1" 200 - "http://localhost:3000/SignIn" "Mozilla/5.0 (Windows NT 10.0; Win64; x64) AppleWebKit/537.36 (KHTML, like Gecko) Chrome/78.0.3904.108 Safari/537.36"
::1 - - [05/Dec/2019:11:49:58 +0000] "GET /Authentication/SignOut HTTP/1.1" 200 - "http://localhost:3000/" "Mozilla/5.0 (Windows NT 10.0; Win64; x64) AppleWebKit/537.36 (KHTML, like Gecko) Chrome/78.0.3904.108 Safari/537.36"
::1 - - [05/Dec/2019:11:50:19 +0000] "POST /Authentication/SignIn HTTP/1.1" 200 - "http://localhost:3000/SignIn" "Mozilla/5.0 (Windows NT 10.0; Win64; x64) AppleWebKit/537.36 (KHTML, like Gecko) Chrome/78.0.3904.108 Safari/537.36"
::1 - - [05/Dec/2019:11:50:25 +0000] "GET /Authentication/SignOut HTTP/1.1" 200 - "http://localhost:3000/" "Mozilla/5.0 (Windows NT 10.0; Win64; x64) AppleWebKit/537.36 (KHTML, like Gecko) Chrome/78.0.3904.108 Safari/537.36"
::1 - - [05/Dec/2019:11:52:41 +0000] "POST /Authentication/SignIn HTTP/1.1" 200 - "http://localhost:3000/SignIn" "Mozilla/5.0 (Windows NT 10.0; Win64; x64) AppleWebKit/537.36 (KHTML, like Gecko) Chrome/78.0.3904.108 Safari/537.36"
::1 - - [05/Dec/2019:11:52:47 +0000] "GET /Authentication/SignOut HTTP/1.1" 200 - "http://localhost:3000/" "Mozilla/5.0 (Windows NT 10.0; Win64; x64) AppleWebKit/537.36 (KHTML, like Gecko) Chrome/78.0.3904.108 Safari/537.36"
::1 - - [05/Dec/2019:11:55:06 +0000] "POST /Authentication/SignIn HTTP/1.1" 200 - "http://localhost:3000/SignIn" "Mozilla/5.0 (Windows NT 10.0; Win64; x64) AppleWebKit/537.36 (KHTML, like Gecko) Chrome/78.0.3904.108 Safari/537.36"
::1 - - [05/Dec/2019:11:55:16 +0000] "GET /Authentication/SignOut HTTP/1.1" 200 - "http://localhost:3000/" "Mozilla/5.0 (Windows NT 10.0; Win64; x64) AppleWebKit/537.36 (KHTML, like Gecko) Chrome/78.0.3904.108 Safari/537.36"
::1 - - [05/Dec/2019:11:55:50 +0000] "GET /Authentication/Session/User HTTP/1.1" 204 - "http://localhost:3000/" "Mozilla/5.0 (Windows NT 10.0; Win64; x64) AppleWebKit/537.36 (KHTML, like Gecko) Chrome/78.0.3904.108 Safari/537.36"
::1 - - [05/Dec/2019:11:55:58 +0000] "POST /Authentication/SignIn HTTP/1.1" 200 - "http://localhost:3000/SignIn" "Mozilla/5.0 (Windows NT 10.0; Win64; x64) AppleWebKit/537.36 (KHTML, like Gecko) Chrome/78.0.3904.108 Safari/537.36"
::1 - - [05/Dec/2019:11:56:40 +0000] "GET /Authentication/SignOut HTTP/1.1" 200 - "http://localhost:3000/" "Mozilla/5.0 (Windows NT 10.0; Win64; x64) AppleWebKit/537.36 (KHTML, like Gecko) Chrome/78.0.3904.108 Safari/537.36"
::1 - - [05/Dec/2019:12:05:29 +0000] "GET /Authentication/Session/User HTTP/1.1" 204 - "http://localhost:3000/SignIn" "Mozilla/5.0 (Windows NT 10.0; Win64; x64) AppleWebKit/537.36 (KHTML, like Gecko) Chrome/78.0.3904.108 Safari/537.36"
::1 - - [05/Dec/2019:12:05:46 +0000] "POST /Authentication/SignIn HTTP/1.1" 200 - "http://localhost:3000/SignIn" "Mozilla/5.0 (Windows NT 10.0; Win64; x64) AppleWebKit/537.36 (KHTML, like Gecko) Chrome/78.0.3904.108 Safari/537.36"
::1 - - [05/Dec/2019:12:05:52 +0000] "GET /Authentication/SignOut HTTP/1.1" 200 - "http://localhost:3000/" "Mozilla/5.0 (Windows NT 10.0; Win64; x64) AppleWebKit/537.36 (KHTML, like Gecko) Chrome/78.0.3904.108 Safari/537.36"
