Date: 05/12/2019 11:39:33.146
Message: Request failed with status code 404
Stack: Error: Request failed with status code 404
    at createError (L:\Git\PDA\pda\server\node_modules\axios\lib\core\createError.js:16:15)
    at settle (L:\Git\PDA\pda\server\node_modules\axios\lib\core\settle.js:17:12)
    at IncomingMessage.handleStreamEnd (L:\Git\PDA\pda\server\node_modules\axios\lib\adapters\http.js:237:11)
    at IncomingMessage.emit (events.js:215:7)
    at endReadableNT (_stream_readable.js:1184:12)
    at processTicksAndRejections (internal/process/task_queues.js:80:21)
Method: POST
Url: /FAMO.WebAPI/api/Authorization/PDA
StatusCode: 404

Date: 05/12/2019 11:39:33.153
Message: Request failed with status code 404
Stack: Error: Request failed with status code 404
    at createError (L:\Git\PDA\pda\server\node_modules\axios\lib\core\createError.js:16:15)
    at settle (L:\Git\PDA\pda\server\node_modules\axios\lib\core\settle.js:17:12)
    at IncomingMessage.handleStreamEnd (L:\Git\PDA\pda\server\node_modules\axios\lib\adapters\http.js:237:11)
    at IncomingMessage.emit (events.js:215:7)
    at endReadableNT (_stream_readable.js:1184:12)
    at processTicksAndRejections (internal/process/task_queues.js:80:21)
Method: POST
Url: /FAMO.WebAPI/api/Authorization/PDA
StatusCode: 404

Date: 05/12/2019 11:40:06.639
Message: Request failed with status code 404
Stack: Error: Request failed with status code 404
    at createError (L:\Git\PDA\pda\server\node_modules\axios\lib\core\createError.js:16:15)
    at settle (L:\Git\PDA\pda\server\node_modules\axios\lib\core\settle.js:17:12)
    at IncomingMessage.handleStreamEnd (L:\Git\PDA\pda\server\node_modules\axios\lib\adapters\http.js:237:11)
    at IncomingMessage.emit (events.js:215:7)
    at endReadableNT (_stream_readable.js:1184:12)
    at processTicksAndRejections (internal/process/task_queues.js:80:21)
Method: POST
Url: /FAMO.WebAPI/api/Authorization/PDA
StatusCode: 404

Date: 05/12/2019 11:40:35.016
Message: Request failed with status code 404
Stack: Error: Request failed with status code 404
    at createError (L:\Git\PDA\pda\server\node_modules\axios\lib\core\createError.js:16:15)
    at settle (L:\Git\PDA\pda\server\node_modules\axios\lib\core\settle.js:17:12)
    at IncomingMessage.handleStreamEnd (L:\Git\PDA\pda\server\node_modules\axios\lib\adapters\http.js:237:11)
    at IncomingMessage.emit (events.js:215:7)
    at endReadableNT (_stream_readable.js:1184:12)
    at processTicksAndRejections (internal/process/task_queues.js:80:21)
Method: POST
Url: /FAMO.WebAPI/api/Authorization/PDA
StatusCode: 404

Date: 05/12/2019 11:46:01.137
Message: Request failed with status code 404
Stack: Error: Request failed with status code 404
    at createError (L:\Git\PDA\pda\server\node_modules\axios\lib\core\createError.js:16:15)
    at settle (L:\Git\PDA\pda\server\node_modules\axios\lib\core\settle.js:17:12)
    at IncomingMessage.handleStreamEnd (L:\Git\PDA\pda\server\node_modules\axios\lib\adapters\http.js:237:11)
    at IncomingMessage.emit (events.js:215:7)
    at endReadableNT (_stream_readable.js:1184:12)
    at processTicksAndRejections (internal/process/task_queues.js:80:21)
Method: POST
Url: /FAMO.WebAPI/api/Authorization/PDA
StatusCode: 404

Date: 05/12/2019 11:47:36.664
Message: Request failed with status code 404
Stack: Error: Request failed with status code 404
    at createError (L:\Git\PDA\pda\server\node_modules\axios\lib\core\createError.js:16:15)
    at settle (L:\Git\PDA\pda\server\node_modules\axios\lib\core\settle.js:17:12)
    at IncomingMessage.handleStreamEnd (L:\Git\PDA\pda\server\node_modules\axios\lib\adapters\http.js:237:11)
    at IncomingMessage.emit (events.js:215:7)
    at endReadableNT (_stream_readable.js:1184:12)
    at processTicksAndRejections (internal/process/task_queues.js:80:21)
Method: POST
Url: /FAMO.WebAPI/api/Authorization/PDA
StatusCode: 404

